Using pre-set license
Built from '2020.3/staging' branch; Version is '2020.3.0f1 (c7b5465681fb) revision 13088070'; Using compiler version '192528614'; Build Type 'Release'
OS: 'Windows 10 Pro; OS build 19042.985; Version 2009; 64bit' Language: 'en' Physical Memory: 49084 MB
BatchMode: 1, IsHumanControllingUs: 0, StartBugReporterOnCrash: 0, Is64bit: 1, IsPro: 0

 COMMAND LINE ARGUMENTS:
C:\Program Files\Unity\Hub\Editor\2020.3.0f1\Editor\Unity.exe
-adb2
-batchMode
-noUpm
-name
AssetImportWorker0
-projectPath
C:/Users/sghus/CS485_THGOBF
-logFile
Logs/AssetImportWorker0.log
-srvPort
53042
Successfully changed project path to: C:/Users/sghus/CS485_THGOBF
C:/Users/sghus/CS485_THGOBF
Using Asset Import Pipeline V2.
Refreshing native plugins compatible for Editor in 83.03 ms, found 0 plugins.
Preloading 0 native plugins for Editor in 0.00 ms.
Initialize engine version: 2020.3.0f1 (c7b5465681fb)
[Subsystems] Discovering subsystems at path C:/Program Files/Unity/Hub/Editor/2020.3.0f1/Editor/Data/Resources/UnitySubsystems
[Subsystems] Discovering subsystems at path C:/Users/sghus/CS485_THGOBF/Assets
GfxDevice: creating device client; threaded=0
Direct3D:
    Version:  Direct3D 11.0 [level 11.1]
    Renderer: NVIDIA GeForce RTX 2070 (ID=0x1f02)
    Vendor:   
    VRAM:     8031 MB
    Driver:   27.21.14.6627
Initialize mono
Mono path[0] = 'C:/Program Files/Unity/Hub/Editor/2020.3.0f1/Editor/Data/Managed'
Mono path[1] = 'C:/Program Files/Unity/Hub/Editor/2020.3.0f1/Editor/Data/MonoBleedingEdge/lib/mono/unityjit'
Mono config path = 'C:/Program Files/Unity/Hub/Editor/2020.3.0f1/Editor/Data/MonoBleedingEdge/etc'
Using monoOptions --debugger-agent=transport=dt_socket,embedding=1,server=y,suspend=n,address=127.0.0.1:56276
Begin MonoManager ReloadAssembly
Registering precompiled unity dll's ...
Register platform support module: C:/Program Files/Unity/Hub/Editor/2020.3.0f1/Editor/Data/PlaybackEngines/WebGLSupport/UnityEditor.WebGL.Extensions.dll
Register platform support module: C:/Program Files/Unity/Hub/Editor/2020.3.0f1/Editor/Data/PlaybackEngines/WindowsStandaloneSupport/UnityEditor.WindowsStandalone.Extensions.dll
Registered in 0.003862 seconds.
Native extension for WindowsStandalone target not found
Native extension for WebGL target not found
Refreshing native plugins compatible for Editor in 86.26 ms, found 0 plugins.
Preloading 0 native plugins for Editor in 0.00 ms.
Invoked RoslynAnalysisRunner static constructor.
RoslynAnalysisRunner will not be running.
RoslynAnalysisRunner has terminated.
Mono: successfully reloaded assembly
- Completed reload, in  2.041 seconds
Platform modules already initialized, skipping
Registering precompiled user dll's ...
Registered in 0.002348 seconds.
Begin MonoManager ReloadAssembly
Native extension for WindowsStandalone target not found
Native extension for WebGL target not found
Refreshing native plugins compatible for Editor in 0.63 ms, found 0 plugins.
Preloading 0 native plugins for Editor in 0.00 ms.
Invoked RoslynAnalysisRunner static constructor.
RoslynAnalysisRunner will not be running.
RoslynAnalysisRunner has terminated.
Mono: successfully reloaded assembly
- Completed reload, in  1.097 seconds
Platform modules already initialized, skipping
========================================================================
Worker process is ready to serve import requests
Launched and connected shader compiler UnityShaderCompiler.exe after 0.05 seconds
Refreshing native plugins compatible for Editor in 0.59 ms, found 0 plugins.
Preloading 0 native plugins for Editor in 0.00 ms.
Unloading 1791 Unused Serialized files (Serialized files now loaded: 0)
System memory in use before: 116.0 MB.
System memory in use after: 116.1 MB.

Unloading 86 unused Assets to reduce memory usage. Loaded Objects now: 2256.
Total: 2.276900 ms (FindLiveObjects: 0.293200 ms CreateObjectMapping: 0.099400 ms MarkObjects: 1.697800 ms  DeleteObjects: 0.184700 ms)

========================================================================
Received Prepare
Refreshing native plugins compatible for Editor in 1.73 ms, found 0 plugins.
Preloading 0 native plugins for Editor in 0.00 ms.
Unloading 3 Unused Serialized files (Serialized files now loaded: 0)
System memory in use before: 72.4 MB.
System memory in use after: 72.5 MB.

Unloading 3 unused Assets to reduce memory usage. Loaded Objects now: 2256.
Total: 2.368500 ms (FindLiveObjects: 0.188500 ms CreateObjectMapping: 0.077100 ms MarkObjects: 2.010400 ms  DeleteObjects: 0.091300 ms)

========================================================================
Received Import Request.
  path: Assets/Scenes/Level3.unity
  artifactKey: Guid(c17b0357edbb05d4eacd4dccc068f3be) Importer(815301076,1909f56bfc062723c751e8b465ee728b)
Start importing Assets/Scenes/Level3.unity using Guid(c17b0357edbb05d4eacd4dccc068f3be) Importer(815301076,1909f56bfc062723c751e8b465ee728b)  -> (artifact id: 'e302165a39e00efbc419c36dceecde7e') in 0.006526 seconds
  Import took 0.012005 seconds .

========================================================================
Received Import Request.
  Time since last request: 64.584946 seconds.
  path: Assets/Scenes/Level2.unity
  artifactKey: Guid(107dbfb4f5f53a945ba6824c50075b3c) Importer(815301076,1909f56bfc062723c751e8b465ee728b)
Start importing Assets/Scenes/Level2.unity using Guid(107dbfb4f5f53a945ba6824c50075b3c) Importer(815301076,1909f56bfc062723c751e8b465ee728b)  -> (artifact id: 'e96be4bebd02b011649bc9fa013725ac') in 0.004177 seconds
  Import took 0.007775 seconds .

========================================================================
Received Import Request.
  Time since last request: 0.000657 seconds.
  path: Assets/Scenes/Level2.unity
  artifactKey: Guid(107dbfb4f5f53a945ba6824c50075b3c) Importer(815301076,1909f56bfc062723c751e8b465ee728b)
Start importing Assets/Scenes/Level2.unity using Guid(107dbfb4f5f53a945ba6824c50075b3c) Importer(815301076,1909f56bfc062723c751e8b465ee728b)  -> (artifact id: 'e96be4bebd02b011649bc9fa013725ac') in 0.002269 seconds
  Import took 0.005549 seconds .

========================================================================
Received Prepare
Registering precompiled user dll's ...
Registered in 0.001059 seconds.
Begin MonoManager ReloadAssembly
Native extension for WindowsStandalone target not found
Native extension for WebGL target not found
Refreshing native plugins compatible for Editor in 0.83 ms, found 0 plugins.
Preloading 0 native plugins for Editor in 0.00 ms.
Warning: Annotation not found!
UnityEngine.StackTraceUtility:ExtractStackTrace ()
UnityEditor.ProBuilder.EditorUtility:SetGizmoIconEnabled (System.Type,bool) (at Library/PackageCache/com.unity.probuilder@4.5.0/Editor/EditorCore/EditorUtility.cs:593)
UnityEditor.ProBuilder.HierarchyListener:.cctor () (at Library/PackageCache/com.unity.probuilder@4.5.0/Editor/EditorCore/HierarchyListener.cs:21)
System.Runtime.CompilerServices.RuntimeHelpers:RunClassConstructor (System.RuntimeTypeHandle)
UnityEditor.EditorAssemblies:ProcessInitializeOnLoadAttributes (System.Type[])

[Library/PackageCache/com.unity.probuilder@4.5.0/Editor/EditorCore/EditorUtility.cs line 593]

Invoked RoslynAnalysisRunner static constructor.
RoslynAnalysisRunner will not be running.
RoslynAnalysisRunner has terminated.
Mono: successfully reloaded assembly
- Completed reload, in  0.952 seconds
Platform modules already initialized, skipping
Refreshing native plugins compatible for Editor in 0.68 ms, found 0 plugins.
Preloading 0 native plugins for Editor in 0.00 ms.
Unloading 1647 Unused Serialized files (Serialized files now loaded: 0)
System memory in use before: 105.4 MB.
System memory in use after: 105.5 MB.

Unloading 5 unused Assets to reduce memory usage. Loaded Objects now: 2259.
Total: 2.754600 ms (FindLiveObjects: 0.340100 ms CreateObjectMapping: 0.119900 ms MarkObjects: 2.182200 ms  DeleteObjects: 0.110200 ms)

